Analysis & Synthesis report for DSD
Fri Dec  1 21:28:33 2023
Quartus Prime Version 22.1std.2 Build 922 07/20/2023 SC Lite Edition


---------------------
; Table of Contents ;
---------------------
  1. Legal Notice
  2. Analysis & Synthesis Summary
  3. Analysis & Synthesis Settings
  4. Parallel Compilation
  5. Analysis & Synthesis Source Files Read
  6. Analysis & Synthesis Resource Usage Summary
  7. Analysis & Synthesis Resource Utilization by Entity
  8. User-Specified and Inferred Latches
  9. General Register Statistics
 10. Multiplexer Restructuring Statistics (Restructuring Performed)
 11. Port Connectivity Checks: "BCD:stage1"
 12. Port Connectivity Checks: "adder41:stage0"
 13. Post-Synthesis Netlist Statistics for Top Partition
 14. Elapsed Time Per Partition
 15. Analysis & Synthesis Messages



----------------
; Legal Notice ;
----------------
Copyright (C) 2023  Intel Corporation. All rights reserved.
Your use of Intel Corporation's design tools, logic functions 
and other software and tools, and any partner logic 
functions, and any output files from any of the foregoing 
(including device programming or simulation files), and any 
associated documentation or information are expressly subject 
to the terms and conditions of the Intel Program License 
Subscription Agreement, the Intel Quartus Prime License Agreement,
the Intel FPGA IP License Agreement, or other applicable license
agreement, including, without limitation, that your use is for
the sole purpose of programming logic devices manufactured by
Intel and sold by Intel or its authorized distributors.  Please
refer to the applicable agreement for further details, at
https://fpgasoftware.intel.com/eula.



+-------------------------------------------------------------------------------------+
; Analysis & Synthesis Summary                                                        ;
+------------------------------------+------------------------------------------------+
; Analysis & Synthesis Status        ; Successful - Fri Dec  1 21:28:33 2023          ;
; Quartus Prime Version              ; 22.1std.2 Build 922 07/20/2023 SC Lite Edition ;
; Revision Name                      ; DSD                                            ;
; Top-level Entity Name              ; Assignment                                     ;
; Family                             ; MAX 10                                         ;
; Total logic elements               ; 80                                             ;
;     Total combinational functions  ; 80                                             ;
;     Dedicated logic registers      ; 0                                              ;
; Total registers                    ; 0                                              ;
; Total pins                         ; 27                                             ;
; Total virtual pins                 ; 0                                              ;
; Total memory bits                  ; 0                                              ;
; Embedded Multiplier 9-bit elements ; 0                                              ;
; Total PLLs                         ; 0                                              ;
; UFM blocks                         ; 0                                              ;
; ADC blocks                         ; 0                                              ;
+------------------------------------+------------------------------------------------+


+------------------------------------------------------------------------------------------------------------+
; Analysis & Synthesis Settings                                                                              ;
+------------------------------------------------------------------+--------------------+--------------------+
; Option                                                           ; Setting            ; Default Value      ;
+------------------------------------------------------------------+--------------------+--------------------+
; Device                                                           ; 10M50DAF484C7G     ;                    ;
; Top-level entity name                                            ; Assignment         ; DSD                ;
; Family name                                                      ; MAX 10             ; Cyclone V          ;
; Use smart compilation                                            ; Off                ; Off                ;
; Enable parallel Assembler and Timing Analyzer during compilation ; On                 ; On                 ;
; Enable compact report table                                      ; Off                ; Off                ;
; Restructure Multiplexers                                         ; Auto               ; Auto               ;
; Create Debugging Nodes for IP Cores                              ; Off                ; Off                ;
; Preserve fewer node names                                        ; On                 ; On                 ;
; Intel FPGA IP Evaluation Mode                                    ; Enable             ; Enable             ;
; Verilog Version                                                  ; Verilog_2001       ; Verilog_2001       ;
; VHDL Version                                                     ; VHDL_1993          ; VHDL_1993          ;
; State Machine Processing                                         ; Auto               ; Auto               ;
; Safe State Machine                                               ; Off                ; Off                ;
; Extract Verilog State Machines                                   ; On                 ; On                 ;
; Extract VHDL State Machines                                      ; On                 ; On                 ;
; Ignore Verilog initial constructs                                ; Off                ; Off                ;
; Iteration limit for constant Verilog loops                       ; 5000               ; 5000               ;
; Iteration limit for non-constant Verilog loops                   ; 250                ; 250                ;
; Add Pass-Through Logic to Inferred RAMs                          ; On                 ; On                 ;
; Infer RAMs from Raw Logic                                        ; On                 ; On                 ;
; Parallel Synthesis                                               ; On                 ; On                 ;
; DSP Block Balancing                                              ; Auto               ; Auto               ;
; NOT Gate Push-Back                                               ; On                 ; On                 ;
; Power-Up Don't Care                                              ; On                 ; On                 ;
; Remove Redundant Logic Cells                                     ; Off                ; Off                ;
; Remove Duplicate Registers                                       ; On                 ; On                 ;
; Ignore CARRY Buffers                                             ; Off                ; Off                ;
; Ignore CASCADE Buffers                                           ; Off                ; Off                ;
; Ignore GLOBAL Buffers                                            ; Off                ; Off                ;
; Ignore ROW GLOBAL Buffers                                        ; Off                ; Off                ;
; Ignore LCELL Buffers                                             ; Off                ; Off                ;
; Ignore SOFT Buffers                                              ; On                 ; On                 ;
; Limit AHDL Integers to 32 Bits                                   ; Off                ; Off                ;
; Optimization Technique                                           ; Balanced           ; Balanced           ;
; Carry Chain Length                                               ; 70                 ; 70                 ;
; Auto Carry Chains                                                ; On                 ; On                 ;
; Auto Open-Drain Pins                                             ; On                 ; On                 ;
; Perform WYSIWYG Primitive Resynthesis                            ; Off                ; Off                ;
; Auto ROM Replacement                                             ; On                 ; On                 ;
; Auto RAM Replacement                                             ; On                 ; On                 ;
; Auto DSP Block Replacement                                       ; On                 ; On                 ;
; Auto Shift Register Replacement                                  ; Auto               ; Auto               ;
; Allow Shift Register Merging across Hierarchies                  ; Auto               ; Auto               ;
; Auto Clock Enable Replacement                                    ; On                 ; On                 ;
; Strict RAM Replacement                                           ; Off                ; Off                ;
; Allow Synchronous Control Signals                                ; On                 ; On                 ;
; Force Use of Synchronous Clear Signals                           ; Off                ; Off                ;
; Auto RAM Block Balancing                                         ; On                 ; On                 ;
; Auto RAM to Logic Cell Conversion                                ; Off                ; Off                ;
; Auto Resource Sharing                                            ; Off                ; Off                ;
; Allow Any RAM Size For Recognition                               ; Off                ; Off                ;
; Allow Any ROM Size For Recognition                               ; Off                ; Off                ;
; Allow Any Shift Register Size For Recognition                    ; Off                ; Off                ;
; Use LogicLock Constraints during Resource Balancing              ; On                 ; On                 ;
; Ignore translate_off and synthesis_off directives                ; Off                ; Off                ;
; Timing-Driven Synthesis                                          ; On                 ; On                 ;
; Report Parameter Settings                                        ; On                 ; On                 ;
; Report Source Assignments                                        ; On                 ; On                 ;
; Report Connectivity Checks                                       ; On                 ; On                 ;
; Ignore Maximum Fan-Out Assignments                               ; Off                ; Off                ;
; Synchronization Register Chain Length                            ; 2                  ; 2                  ;
; Power Optimization During Synthesis                              ; Normal compilation ; Normal compilation ;
; HDL message level                                                ; Level2             ; Level2             ;
; Suppress Register Optimization Related Messages                  ; Off                ; Off                ;
; Number of Removed Registers Reported in Synthesis Report         ; 5000               ; 5000               ;
; Number of Swept Nodes Reported in Synthesis Report               ; 5000               ; 5000               ;
; Number of Inverted Registers Reported in Synthesis Report        ; 100                ; 100                ;
; Clock MUX Protection                                             ; On                 ; On                 ;
; Auto Gated Clock Conversion                                      ; Off                ; Off                ;
; Block Design Naming                                              ; Auto               ; Auto               ;
; SDC constraint protection                                        ; Off                ; Off                ;
; Synthesis Effort                                                 ; Auto               ; Auto               ;
; Shift Register Replacement - Allow Asynchronous Clear Signal     ; On                 ; On                 ;
; Pre-Mapping Resynthesis Optimization                             ; Off                ; Off                ;
; Analysis & Synthesis Message Level                               ; Medium             ; Medium             ;
; Disable Register Merging Across Hierarchies                      ; Auto               ; Auto               ;
; Resource Aware Inference For Block RAM                           ; On                 ; On                 ;
+------------------------------------------------------------------+--------------------+--------------------+


+------------------------------------------+
; Parallel Compilation                     ;
+----------------------------+-------------+
; Processors                 ; Number      ;
+----------------------------+-------------+
; Number detected on machine ; 16          ;
; Maximum allowed            ; 16          ;
;                            ;             ;
; Average used               ; 1.00        ;
; Maximum used               ; 1           ;
;                            ;             ;
; Usage by Processor         ; % Time Used ;
;     Processor 1            ; 100.0%      ;
+----------------------------+-------------+


+------------------------------------------------------------------------------------------------------------------------------+
; Analysis & Synthesis Source Files Read                                                                                       ;
+----------------------------------+-----------------+-----------------+---------------------------------------------+---------+
; File Name with User-Entered Path ; Used in Netlist ; File Type       ; File Name with Absolute Path                ; Library ;
+----------------------------------+-----------------+-----------------+---------------------------------------------+---------+
; DSD_temp.vhd                     ; yes             ; User VHDL File  ; C:/Users/Ziad/Desktop/PROJECT2/DSD_temp.vhd ;         ;
+----------------------------------+-----------------+-----------------+---------------------------------------------+---------+


+----------------------------------------------------------+
; Analysis & Synthesis Resource Usage Summary              ;
+---------------------------------------------+------------+
; Resource                                    ; Usage      ;
+---------------------------------------------+------------+
; Estimated Total logic elements              ; 80         ;
;                                             ;            ;
; Total combinational functions               ; 80         ;
; Logic element usage by number of LUT inputs ;            ;
;     -- 4 input functions                    ; 47         ;
;     -- 3 input functions                    ; 17         ;
;     -- <=2 input functions                  ; 16         ;
;                                             ;            ;
; Logic elements by mode                      ;            ;
;     -- normal mode                          ; 80         ;
;     -- arithmetic mode                      ; 0          ;
;                                             ;            ;
; Total registers                             ; 0          ;
;     -- Dedicated logic registers            ; 0          ;
;     -- I/O registers                        ; 0          ;
;                                             ;            ;
; I/O pins                                    ; 27         ;
;                                             ;            ;
; Embedded Multiplier 9-bit elements          ; 0          ;
;                                             ;            ;
; Maximum fan-out node                        ; X[3]~input ;
; Maximum fan-out                             ; 19         ;
; Total fan-out                               ; 316        ;
; Average fan-out                             ; 2.36       ;
+---------------------------------------------+------------+


+-----------------------------------------------------------------------------------------------------------------------------------------------------------------------------------------------------------------------------------------------------------+
; Analysis & Synthesis Resource Utilization by Entity                                                                                                                                                                                                       ;
+----------------------------+---------------------+---------------------------+-------------+------------+--------------+---------+-----------+------+--------------+------------+--------------------------------------------+-------------+--------------+
; Compilation Hierarchy Node ; Combinational ALUTs ; Dedicated Logic Registers ; Memory Bits ; UFM Blocks ; DSP Elements ; DSP 9x9 ; DSP 18x18 ; Pins ; Virtual Pins ; ADC blocks ; Full Hierarchy Name                        ; Entity Name ; Library Name ;
+----------------------------+---------------------+---------------------------+-------------+------------+--------------+---------+-----------+------+--------------+------------+--------------------------------------------+-------------+--------------+
; |Assignment                ; 80 (64)             ; 0 (0)                     ; 0           ; 0          ; 0            ; 0       ; 0         ; 27   ; 0            ; 0          ; |Assignment                                ; Assignment  ; work         ;
;    |BCD:stage1|            ; 4 (4)               ; 0 (0)                     ; 0           ; 0          ; 0            ; 0       ; 0         ; 0    ; 0            ; 0          ; |Assignment|BCD:stage1                     ; BCD         ; work         ;
;    |BCD:stage2|            ; 5 (5)               ; 0 (0)                     ; 0           ; 0          ; 0            ; 0       ; 0         ; 0    ; 0            ; 0          ; |Assignment|BCD:stage2                     ; BCD         ; work         ;
;    |adder41:stage0|        ; 7 (0)               ; 0 (0)                     ; 0           ; 0          ; 0            ; 0       ; 0         ; 0    ; 0            ; 0          ; |Assignment|adder41:stage0                 ; adder41     ; work         ;
;       |fulladd1:stage0|    ; 1 (1)               ; 0 (0)                     ; 0           ; 0          ; 0            ; 0       ; 0         ; 0    ; 0            ; 0          ; |Assignment|adder41:stage0|fulladd1:stage0 ; fulladd1    ; work         ;
;       |fulladd1:stage1|    ; 2 (2)               ; 0 (0)                     ; 0           ; 0          ; 0            ; 0       ; 0         ; 0    ; 0            ; 0          ; |Assignment|adder41:stage0|fulladd1:stage1 ; fulladd1    ; work         ;
;       |fulladd1:stage2|    ; 2 (2)               ; 0 (0)                     ; 0           ; 0          ; 0            ; 0       ; 0         ; 0    ; 0            ; 0          ; |Assignment|adder41:stage0|fulladd1:stage2 ; fulladd1    ; work         ;
;       |fulladd1:stage3|    ; 2 (2)               ; 0 (0)                     ; 0           ; 0          ; 0            ; 0       ; 0         ; 0    ; 0            ; 0          ; |Assignment|adder41:stage0|fulladd1:stage3 ; fulladd1    ; work         ;
+----------------------------+---------------------+---------------------------+-------------+------------+--------------+---------+-----------+------+--------------+------------+--------------------------------------------+-------------+--------------+
Note: For table entries with two numbers listed, the numbers in parentheses indicate the number of resources of the given type used by the specific entity alone. The numbers listed outside of parentheses indicate the total resources of the given type used by the specific entity and all of its sub-entities in the hierarchy.


+---------------------------------------------------------------------------------------------------+
; User-Specified and Inferred Latches                                                               ;
+----------------------------------------------------+---------------------+------------------------+
; Latch Name                                         ; Latch Enable Signal ; Free of Timing Hazards ;
+----------------------------------------------------+---------------------+------------------------+
; BCDO[0]$latch                                      ; GND                 ; yes                    ;
; BCDO[1]$latch                                      ; GND                 ; yes                    ;
; BCDO[2]$latch                                      ; GND                 ; yes                    ;
; BCDO[3]$latch                                      ; GND                 ; yes                    ;
; BCDO[4]$latch                                      ; GND                 ; yes                    ;
; BCDO[5]$latch                                      ; GND                 ; yes                    ;
; BCDO[6]$latch                                      ; GND                 ; yes                    ;
; Number of user-specified and inferred latches = 7  ;                     ;                        ;
+----------------------------------------------------+---------------------+------------------------+
Note: All latches listed above may not be present at the end of synthesis due to various synthesis optimizations.


+------------------------------------------------------+
; General Register Statistics                          ;
+----------------------------------------------+-------+
; Statistic                                    ; Value ;
+----------------------------------------------+-------+
; Total registers                              ; 0     ;
; Number of registers using Synchronous Clear  ; 0     ;
; Number of registers using Synchronous Load   ; 0     ;
; Number of registers using Asynchronous Clear ; 0     ;
; Number of registers using Asynchronous Load  ; 0     ;
; Number of registers using Clock Enable       ; 0     ;
; Number of registers using Preset             ; 0     ;
+----------------------------------------------+-------+


+------------------------------------------------------------------------------------------------------------------------------------------+
; Multiplexer Restructuring Statistics (Restructuring Performed)                                                                           ;
+--------------------+-----------+---------------+----------------------+------------------------+------------+----------------------------+
; Multiplexer Inputs ; Bus Width ; Baseline Area ; Area if Restructured ; Saving if Restructured ; Registered ; Example Multiplexer Output ;
+--------------------+-----------+---------------+----------------------+------------------------+------------+----------------------------+
; 4:1                ; 2 bits    ; 4 LEs         ; 4 LEs                ; 0 LEs                  ; No         ; |Assignment|BCDO[3]        ;
; 64:1               ; 2 bits    ; 84 LEs        ; 38 LEs               ; 46 LEs                 ; No         ; |Assignment|BCDO[0]        ;
+--------------------+-----------+---------------+----------------------+------------------------+------------+----------------------------+


+----------------------------------------+
; Port Connectivity Checks: "BCD:stage1" ;
+------+-------+----------+--------------+
; Port ; Type  ; Severity ; Details      ;
+------+-------+----------+--------------+
; x[3] ; Input ; Info     ; Stuck at GND ;
+------+-------+----------+--------------+


+--------------------------------------------+
; Port Connectivity Checks: "adder41:stage0" ;
+------+-------+----------+------------------+
; Port ; Type  ; Severity ; Details          ;
+------+-------+----------+------------------+
; cin  ; Input ; Info     ; Stuck at GND     ;
+------+-------+----------+------------------+


+-----------------------------------------------------+
; Post-Synthesis Netlist Statistics for Top Partition ;
+-----------------------+-----------------------------+
; Type                  ; Count                       ;
+-----------------------+-----------------------------+
; boundary_port         ; 27                          ;
; cycloneiii_lcell_comb ; 84                          ;
;     normal            ; 84                          ;
;         0 data inputs ; 1                           ;
;         1 data inputs ; 3                           ;
;         2 data inputs ; 16                          ;
;         3 data inputs ; 17                          ;
;         4 data inputs ; 47                          ;
;                       ;                             ;
; Max LUT depth         ; 11.00                       ;
; Average LUT depth     ; 7.90                        ;
+-----------------------+-----------------------------+


+-------------------------------+
; Elapsed Time Per Partition    ;
+----------------+--------------+
; Partition Name ; Elapsed Time ;
+----------------+--------------+
; Top            ; 00:00:00     ;
+----------------+--------------+


+-------------------------------+
; Analysis & Synthesis Messages ;
+-------------------------------+
Info: *******************************************************************
Info: Running Quartus Prime Analysis & Synthesis
    Info: Version 22.1std.2 Build 922 07/20/2023 SC Lite Edition
    Info: Processing started: Fri Dec  1 21:28:25 2023
Info: Command: quartus_map --read_settings_files=on --write_settings_files=off DSD -c DSD
Warning (18236): Number of processors has not been specified which may cause overloading on shared machines.  Set the global assignment NUM_PARALLEL_PROCESSORS in your QSF to an appropriate value for best performance.
Info (20030): Parallel compilation is enabled and will use 16 of the 16 processors detected
Info (12021): Found 4 design units, including 2 entities, in source file dsd.vhd
    Info (12022): Found design unit 1: fulladd-LogicFunc File: C:/Users/Ziad/Desktop/PROJECT2/DSD.vhd Line: 9
    Info (12022): Found design unit 2: adder4-Structure File: C:/Users/Ziad/Desktop/PROJECT2/DSD.vhd Line: 26
    Info (12023): Found entity 1: fulladd File: C:/Users/Ziad/Desktop/PROJECT2/DSD.vhd Line: 4
    Info (12023): Found entity 2: adder4 File: C:/Users/Ziad/Desktop/PROJECT2/DSD.vhd Line: 18
Info (12021): Found 8 design units, including 4 entities, in source file dsd_temp.vhd
    Info (12022): Found design unit 1: fulladd1-LogicFunc File: C:/Users/Ziad/Desktop/PROJECT2/DSD_temp.vhd Line: 9
    Info (12022): Found design unit 2: adder41-Structure File: C:/Users/Ziad/Desktop/PROJECT2/DSD_temp.vhd Line: 26
    Info (12022): Found design unit 3: BCD-Behaviour File: C:/Users/Ziad/Desktop/PROJECT2/DSD_temp.vhd Line: 48
    Info (12022): Found design unit 4: Assignment-Display File: C:/Users/Ziad/Desktop/PROJECT2/DSD_temp.vhd Line: 63
    Info (12023): Found entity 1: fulladd1 File: C:/Users/Ziad/Desktop/PROJECT2/DSD_temp.vhd Line: 4
    Info (12023): Found entity 2: adder41 File: C:/Users/Ziad/Desktop/PROJECT2/DSD_temp.vhd Line: 19
    Info (12023): Found entity 3: BCD File: C:/Users/Ziad/Desktop/PROJECT2/DSD_temp.vhd Line: 43
    Info (12023): Found entity 4: Assignment File: C:/Users/Ziad/Desktop/PROJECT2/DSD_temp.vhd Line: 56
Info (12021): Found 2 design units, including 1 entities, in source file /users/ziad/desktop/motor8.vhd
    Info (12022): Found design unit 1: SlidingDoor-Behavioral File: C:/Users/Ziad/Desktop/motor8.vhd Line: 21
    Info (12023): Found entity 1: SlidingDoor File: C:/Users/Ziad/Desktop/motor8.vhd Line: 4
Info (12127): Elaborating entity "Assignment" for the top level hierarchy
Warning (10631): VHDL Process Statement warning at DSD_temp.vhd(100): inferring latch(es) for signal or variable "BCDO", which holds its previous value in one or more paths through the process File: C:/Users/Ziad/Desktop/PROJECT2/DSD_temp.vhd Line: 100
Info (10041): Inferred latch for "BCDO[0]" at DSD_temp.vhd(100) File: C:/Users/Ziad/Desktop/PROJECT2/DSD_temp.vhd Line: 100
Info (10041): Inferred latch for "BCDO[1]" at DSD_temp.vhd(100) File: C:/Users/Ziad/Desktop/PROJECT2/DSD_temp.vhd Line: 100
Info (10041): Inferred latch for "BCDO[2]" at DSD_temp.vhd(100) File: C:/Users/Ziad/Desktop/PROJECT2/DSD_temp.vhd Line: 100
Info (10041): Inferred latch for "BCDO[3]" at DSD_temp.vhd(100) File: C:/Users/Ziad/Desktop/PROJECT2/DSD_temp.vhd Line: 100
Info (10041): Inferred latch for "BCDO[4]" at DSD_temp.vhd(100) File: C:/Users/Ziad/Desktop/PROJECT2/DSD_temp.vhd Line: 100
Info (10041): Inferred latch for "BCDO[5]" at DSD_temp.vhd(100) File: C:/Users/Ziad/Desktop/PROJECT2/DSD_temp.vhd Line: 100
Info (10041): Inferred latch for "BCDO[6]" at DSD_temp.vhd(100) File: C:/Users/Ziad/Desktop/PROJECT2/DSD_temp.vhd Line: 100
Info (10041): Inferred latch for "BCDO[7]" at DSD_temp.vhd(100) File: C:/Users/Ziad/Desktop/PROJECT2/DSD_temp.vhd Line: 100
Info (10041): Inferred latch for "BCDO[8]" at DSD_temp.vhd(100) File: C:/Users/Ziad/Desktop/PROJECT2/DSD_temp.vhd Line: 100
Info (10041): Inferred latch for "BCDO[9]" at DSD_temp.vhd(100) File: C:/Users/Ziad/Desktop/PROJECT2/DSD_temp.vhd Line: 100
Info (10041): Inferred latch for "BCDO[10]" at DSD_temp.vhd(100) File: C:/Users/Ziad/Desktop/PROJECT2/DSD_temp.vhd Line: 100
Info (10041): Inferred latch for "BCDO[11]" at DSD_temp.vhd(100) File: C:/Users/Ziad/Desktop/PROJECT2/DSD_temp.vhd Line: 100
Info (10041): Inferred latch for "BCDO[12]" at DSD_temp.vhd(100) File: C:/Users/Ziad/Desktop/PROJECT2/DSD_temp.vhd Line: 100
Info (10041): Inferred latch for "BCDO[13]" at DSD_temp.vhd(100) File: C:/Users/Ziad/Desktop/PROJECT2/DSD_temp.vhd Line: 100
Info (12128): Elaborating entity "adder41" for hierarchy "adder41:stage0" File: C:/Users/Ziad/Desktop/PROJECT2/DSD_temp.vhd Line: 87
Info (12128): Elaborating entity "fulladd1" for hierarchy "adder41:stage0|fulladd1:stage0" File: C:/Users/Ziad/Desktop/PROJECT2/DSD_temp.vhd Line: 33
Info (12128): Elaborating entity "BCD" for hierarchy "BCD:stage1" File: C:/Users/Ziad/Desktop/PROJECT2/DSD_temp.vhd Line: 90
Warning (13024): Output pins are stuck at VCC or GND
    Warning (13410): Pin "BCDO[12]" is stuck at GND File: C:/Users/Ziad/Desktop/PROJECT2/DSD_temp.vhd Line: 100
Info (286030): Timing-Driven Synthesis is running
Info (16010): Generating hard_block partition "hard_block:auto_generated_inst"
    Info (16011): Adding 0 node(s), including 0 DDIO, 0 PLL, 0 transceiver and 0 LCELL
Info (21057): Implemented 107 device resources after synthesis - the final resource count might be different
    Info (21058): Implemented 8 input pins
    Info (21059): Implemented 19 output pins
    Info (21061): Implemented 80 logic cells
Info: Quartus Prime Analysis & Synthesis was successful. 0 errors, 4 warnings
    Info: Peak virtual memory: 4850 megabytes
    Info: Processing ended: Fri Dec  1 21:28:33 2023
    Info: Elapsed time: 00:00:08
    Info: Total CPU time (on all processors): 00:00:09


